<?xml version="1.0" encoding="UTF-8"?>
<testsuite xmlns:xsi="http://www.w3.org/2001/XMLSchema-instance" xsi:noNamespaceSchemaLocation="https://maven.apache.org/surefire/maven-surefire-plugin/xsd/surefire-test-report-3.0.xsd" version="3.0" name="Controladores.metodosTest" time="0.47" tests="30" errors="0" skipped="0" failures="0">
  <properties>
[...]
</properties>
  <testcase name="testCompararEntreFechasFechaDentroDelRango" classname="Controladores.metodosTest" time="0.012"/>
  <testcase name="testIsDoubleConCadenaVacia" classname="Controladores.metodosTest" time="0.0"/>
  <testcase name="testIsNumericConCadenaVacia" classname="Controladores.metodosTest" time="0.0"/>
  <testcase name="testComprobarClave" classname="Controladores.metodosTest" time="0.0"/>
  <testcase name="testRedondearConDecimalPositivo" classname="Controladores.metodosTest" time="0.0"/>
  <testcase name="testIsNumericConCadenaNumerica" classname="Controladores.metodosTest" time="0.0"/>
  <testcase name="testRedondearConDecimalNegativo" classname="Controladores.metodosTest" time="0.0"/>
  <testcase name="testBotonInvisible" classname="Controladores.metodosTest" time="0.061"/>
  <testcase name="testIsNumericConCadenaNula" classname="Controladores.metodosTest" time="0.0"/>
  <testcase name="testValidadorDeCedulaCedulaIncorrectaLongitud" classname="Controladores.metodosTest" time="0.0"/>
  <testcase name="testCambiarImgBoton_JButton_String" classname="Controladores.metodosTest" time="0.209"/>
  <testcase name="testCompararEntreFechasFechaFueraDelRango" classname="Controladores.metodosTest" time="0.0"/>
  <testcase name="testValidadorDeCedulaCedulaIncorrectaFormato" classname="Controladores.metodosTest" time="0.001"/>
  <testcase name="testIsNumericConCadenaNoNumerica" classname="Controladores.metodosTest" time="0.0"/>
  <testcase name="testValidadorDeCedulaCedulaIncorrectaDigitoVerificador" classname="Controladores.metodosTest" time="0.001"/>
  <testcase name="testLimpiarTexto" classname="Controladores.metodosTest" time="0.086"/>
  <testcase name="testDateAStringConFechaValida" classname="Controladores.metodosTest" time="0.0"/>
  <testcase name="testConvertirADoubleConCadenaNula" classname="Controladores.metodosTest" time="0.0"/>
  <testcase name="testBtnDefecto" classname="Controladores.metodosTest" time="0.005"/>
  <testcase name="testConvertirADoubleConCadenaNoValida" classname="Controladores.metodosTest" time="0.0"/>
  <testcase name="testConvertirADoubleConCadenaValida" classname="Controladores.metodosTest" time="0.0"/>
  <testcase name="testConvertirADoubleConCadenaVacia" classname="Controladores.metodosTest" time="0.001"/>
  <testcase name="testHoraFormatoCorrecto" classname="Controladores.metodosTest" time="0.0"/>
  <testcase name="testIsDoubleConCadenaNoValida" classname="Controladores.metodosTest" time="0.0"/>
  <testcase name="testDateAStringConFechaNula" classname="Controladores.metodosTest" time="0.001"/>
  <testcase name="testObtenerDatosSumadosJTable" classname="Controladores.metodosTest" time="0.009"/>
  <testcase name="testValidadorDeCedulaCedulaCorrecta" classname="Controladores.metodosTest" time="0.0"/>
  <testcase name="testObtenerDatosSumadosJTableColumnaInexistente" classname="Controladores.metodosTest" time="0.001"/>
  <testcase name="testIsDoubleConCadenaNula" classname="Controladores.metodosTest" time="0.0"/>
  <testcase name="testIsDoubleConCadenaValida" classname="Controladores.metodosTest" time="0.0"/>
</testsuite>